<?xml version="1.0" encoding="UTF-8"?>
<!-- Generated by org.testng.reporters.JUnitReportReporter -->
<testsuite hostname="Lucifer" failures="0" tests="6" name="api.test.Data_Test" time="15.550" errors="0" timestamp="2024-08-26T17:35:48 IST" skipped="0">
  <testcase classname="api.test.Data_Test" name="testPostUser" time="7.570"/>
  <system-out/>
  <testcase classname="api.test.Data_Test" name="testPostUser" time="1.497"/>
  <system-out/>
  <testcase classname="api.test.Data_Test" name="testPostUser" time="1.737"/>
  <system-out/>
  <testcase classname="api.test.Data_Test" name="testDeleteUserByName" time="1.600"/>
  <system-out/>
  <testcase classname="api.test.Data_Test" name="testDeleteUserByName" time="1.580"/>
  <system-out/>
  <testcase classname="api.test.Data_Test" name="testDeleteUserByName" time="1.566"/>
  <system-out/>
</testsuite> <!-- api.test.Data_Test -->
