<?xml version="1.0" encoding="UTF-8"?>
<!-- Generated by org.testng.reporters.JUnitReportReporter -->
<testsuite hostname="Lucifer" failures="0" tests="4" name="api.test.UserTests" time="22.246" errors="0" timestamp="2024-08-22T07:16:13 IST" skipped="0">
  <testcase classname="api.test.UserTests" name="testPostUser" time="15.419"/>
  <system-out/>
  <testcase classname="api.test.UserTests" name="testGetUserByName" time="1.793"/>
  <system-out/>
  <testcase classname="api.test.UserTests" name="testUpdateUserByName" time="3.482"/>
  <system-out/>
  <testcase classname="api.test.UserTests" name="testDeleteUserByName" time="1.552"/>
  <system-out/>
</testsuite> <!-- api.test.UserTests -->
